{
"src/app/app.component.ts":{"path":"src/app/app.component.ts","statementMap":{"1":{"start":{"line":1,"column":0},"end":{"line":3,"column":1}},"2":{"start":{"line":9,"column":0},"end":{"line":10,"column":0}},"3":{"start":{"line":3,"column":0},"end":{"line":8,"column":2}},"4":{"start":{"line":10,"column":0},"end":{"line":10,"column":1}},"5":{"start":{"line":9,"column":13},"end":{"line":10,"column":1}}},"fnMap":{"1":{"name":"(anonymous_2)","line":9,"loc":{"start":{"line":9,"column":0},"end":{"line":9,"column":-1}}},"2":{"name":"AppComponent","line":9,"loc":{"start":{"line":9,"column":0},"end":{"line":10,"column":1}}}},"branchMap":{},"s":{"1":1,"2":1,"3":1,"4":1,"5":1},"b":{},"f":{"1":1,"2":1},"l":{"1":1,"3":1,"9":1,"10":1}}}
